app/build/intermediates/manifest_merge_blame_file/debug/manifest-merger-blame-debug-report.txt
1<?xml version="1.0" encoding="utf-8"?>
2<manifest xmlns:android="http://schemas.android.com/apk/res/android"
3    package="com.example.liveTv"
4    android:versionCode="1"
5    android:versionName="1.0" >
6
7    <uses-sdk
8        android:minSdkVersion="25"
8-->src\main\AndroidManifest.xml
9        android:targetSdkVersion="32" />
9-->src\main\AndroidManifest.xml
10
11    <uses-permission android:name="android.permission.INTERNET" />
11-->src\main\AndroidManifest.xml:5:5-67
11-->src\main\AndroidManifest.xml:5:22-64
12    <uses-permission android:name="android.permission.ACCESS_NETWORK_STATE" />
12-->src\main\AndroidManifest.xml:6:5-79
12-->src\main\AndroidManifest.xml:6:22-76
13
14    <application
14-->src\main\AndroidManifest.xml:8:5-33:19
15        android:allowBackup="true"
15-->src\main\AndroidManifest.xml:9:9-35
16        android:appComponentFactory="androidx.core.app.CoreComponentFactory"
16-->[androidx.core:core:1.8.0] AndroidManifest.xml:24:18-86
17        android:dataExtractionRules="@xml/data_extraction_rules"
17-->src\main\AndroidManifest.xml:10:9-65
18        android:debuggable="true"
19        android:extractNativeLibs="false"
20        android:fullBackupContent="@xml/backup_rules"
20-->src\main\AndroidManifest.xml:11:9-54
21        android:icon="@mipmap/ic_launcher"
21-->src\main\AndroidManifest.xml:12:9-43
22        android:label="@string/appname"
22-->src\main\AndroidManifest.xml:13:9-40
23        android:roundIcon="@mipmap/ic_launcher_round"
23-->src\main\AndroidManifest.xml:14:9-54
24        android:supportsRtl="true"
24-->src\main\AndroidManifest.xml:15:9-35
25        android:testOnly="true"
26        android:theme="@style/Theme.MyApplication" >
26-->src\main\AndroidManifest.xml:16:9-51
27        <activity
27-->src\main\AndroidManifest.xml:18:9-32:20
28            android:name="com.example.liveTv.MainActivity"
28-->src\main\AndroidManifest.xml:19:13-41
29            android:configChanges="orientation|screenSize|layoutDirection"
29-->src\main\AndroidManifest.xml:21:13-75
30            android:exported="true"
30-->src\main\AndroidManifest.xml:22:13-36
31            android:theme="@style/Theme.Custom" >
31-->src\main\AndroidManifest.xml:20:13-48
32            <intent-filter>
32-->src\main\AndroidManifest.xml:23:13-27:29
33                <action android:name="android.intent.action.MAIN" />
33-->src\main\AndroidManifest.xml:24:17-69
33-->src\main\AndroidManifest.xml:24:25-66
34
35                <category android:name="android.intent.category.LAUNCHER" />
35-->src\main\AndroidManifest.xml:26:17-77
35-->src\main\AndroidManifest.xml:26:27-74
36            </intent-filter>
37
38            <meta-data
38-->src\main\AndroidManifest.xml:29:13-31:36
39                android:name="android.app.lib_name"
39-->src\main\AndroidManifest.xml:30:17-52
40                android:value="" />
40-->src\main\AndroidManifest.xml:31:17-33
41        </activity>
42
43        <service
43-->[com.google.firebase:firebase-database:20.0.4] AndroidManifest.xml:29:9-35:19
44            android:name="com.google.firebase.components.ComponentDiscoveryService"
44-->[com.google.firebase:firebase-database:20.0.4] AndroidManifest.xml:30:13-84
45            android:directBootAware="true"
45-->[com.google.firebase:firebase-common:20.1.0] AndroidManifest.xml:35:13-43
46            android:exported="false" >
46-->[com.google.firebase:firebase-database:20.0.4] AndroidManifest.xml:31:13-37
47            <meta-data
47-->[com.google.firebase:firebase-database:20.0.4] AndroidManifest.xml:32:13-34:85
48                android:name="com.google.firebase.components:com.google.firebase.database.DatabaseRegistrar"
48-->[com.google.firebase:firebase-database:20.0.4] AndroidManifest.xml:33:17-109
49                android:value="com.google.firebase.components.ComponentRegistrar" />
49-->[com.google.firebase:firebase-database:20.0.4] AndroidManifest.xml:34:17-82
50        </service>
51
52        <activity
52-->[com.google.android.gms:play-services-base:18.0.1] AndroidManifest.xml:20:9-22:45
53            android:name="com.google.android.gms.common.api.GoogleApiActivity"
53-->[com.google.android.gms:play-services-base:18.0.1] AndroidManifest.xml:20:19-85
54            android:exported="false"
54-->[com.google.android.gms:play-services-base:18.0.1] AndroidManifest.xml:22:19-43
55            android:theme="@android:style/Theme.Translucent.NoTitleBar" />
55-->[com.google.android.gms:play-services-base:18.0.1] AndroidManifest.xml:21:19-78
56
57        <provider
57-->[com.google.firebase:firebase-common:20.1.0] AndroidManifest.xml:26:9-31:39
58            android:name="com.google.firebase.provider.FirebaseInitProvider"
58-->[com.google.firebase:firebase-common:20.1.0] AndroidManifest.xml:27:13-77
59            android:authorities="com.example.liveTv.firebaseinitprovider"
59-->[com.google.firebase:firebase-common:20.1.0] AndroidManifest.xml:28:13-72
60            android:directBootAware="true"
60-->[com.google.firebase:firebase-common:20.1.0] AndroidManifest.xml:29:13-43
61            android:exported="false"
61-->[com.google.firebase:firebase-common:20.1.0] AndroidManifest.xml:30:13-37
62            android:initOrder="100" />
62-->[com.google.firebase:firebase-common:20.1.0] AndroidManifest.xml:31:13-36
63
64        <meta-data
64-->[com.google.android.gms:play-services-basement:18.0.0] AndroidManifest.xml:21:9-23:69
65            android:name="com.google.android.gms.version"
65-->[com.google.android.gms:play-services-basement:18.0.0] AndroidManifest.xml:22:13-58
66            android:value="@integer/google_play_services_version" />
66-->[com.google.android.gms:play-services-basement:18.0.0] AndroidManifest.xml:23:13-66
67
68        <provider
68-->[androidx.emoji2:emoji2:1.2.0] AndroidManifest.xml:24:9-32:20
69            android:name="androidx.startup.InitializationProvider"
69-->[androidx.emoji2:emoji2:1.2.0] AndroidManifest.xml:25:13-67
70            android:authorities="com.example.liveTv.androidx-startup"
70-->[androidx.emoji2:emoji2:1.2.0] AndroidManifest.xml:26:13-68
71            android:exported="false" >
71-->[androidx.emoji2:emoji2:1.2.0] AndroidManifest.xml:27:13-37
72            <meta-data
72-->[androidx.emoji2:emoji2:1.2.0] AndroidManifest.xml:29:13-31:52
73                android:name="androidx.emoji2.text.EmojiCompatInitializer"
73-->[androidx.emoji2:emoji2:1.2.0] AndroidManifest.xml:30:17-75
74                android:value="androidx.startup" />
74-->[androidx.emoji2:emoji2:1.2.0] AndroidManifest.xml:31:17-49
75            <meta-data
75-->[androidx.lifecycle:lifecycle-process:2.4.1] AndroidManifest.xml:31:13-33:52
76                android:name="androidx.lifecycle.ProcessLifecycleInitializer"
76-->[androidx.lifecycle:lifecycle-process:2.4.1] AndroidManifest.xml:32:17-78
77                android:value="androidx.startup" />
77-->[androidx.lifecycle:lifecycle-process:2.4.1] AndroidManifest.xml:33:17-49
78        </provider>
79    </application>
80
81</manifest>